++ geni-get user_urn
++ awk -F+ '{print $4}'
'+ GENIUSER=USER
+ '[' 0 -ne 0 ']'
+ python3 /mydata/USER/cornflakes/experiments/twitter-bench.py -e loop -f /mydata/USER/expdata/twitter_cfkv -c /mydata/USER/config/cluster_config.yaml -ec /mydata/USER/cornflakes/cf-kv/twitter.yaml -lc /mydata/USER/cornflakes-scripts/yamls/fig7and12.yaml --trace /mydata/USER/data/twitter/cluster4.0_subset
 → [DEBUG]:   Number of iterations: 234
 → [WARN]:   Expected time to finish: 1.95 hours
 → [DEBUG]:   Running iteration:  Iteration info: trace: /mydata/USER/data/twitter/cluster4.0_subset, speed_factor: speed_factor_5.2, value_size: value_size_twitter, ignore_sets: ignore_sets_False, ignore_pps: ignore_pps_True, distribution: exponential, min_num_keys: min_num_keys_4000000, serialization: cornflakes-dynamic, num_clients: 1_clients, num_threads: 16_threads, extra serialization_params: inline_mode: nothing, buf_type: hybridarenaobject, max_sg_segments: 32, copy_threshold: 512, trial: trial_0
 → [DEBUG]:   XXX.XXX.XXX.XX USER 22 None
 → [DEBUG]:   XXX.XXX.XXX.XX USER 22 None
  -> [XXX.XXX.XXX.XX] (bg)  screen -d -m sudo bash -c "sudo env LD_LIBRARY_PATH=/mydata/USER/cornflakes/dpdk-datapath/3rdparty/dpdk/build/lib/x86_64-linux-gnu nice -n -19 taskset -c 2 /mydata/USER/cornflakes/target/release/twitter_mlx5 --config_file /mydata/USER/config/cluster_config.yaml --server_ip 192.168.1.1 --mode server --debug_level info --serialization cornflakes-dynamic --push_buf_type hybridarenaobject --inline_mode nothing --copy_threshold 512 --min_keys_to_load 4000000 --trace /mydata/USER/data/twitter/cluster4.0_subset --ready_file /mydata/USER/cornflakes_tmp/cornflakes-dynamic/bufmode_hybridarenaobject/inlinemode_nothing/maxsgsegs_32/copythreshold_512/value_size_twitter/ignore_sets_False/ignore_pps_True/distribution_exponential/min_num_keys_4000000/speed_factor_5.2/1_clients/16_threads/trial_0/ready.log > /mydata/USER/cornflakes_tmp/cornflakes-dynamic/bufmode_hybridarenaobject/inlinemode_nothing/maxsgsegs_32/copythreshold_512/value_size_twitter/ignore_sets_False/ignore_pps_True/distribution_exponential/min_num_keys_4000000/speed_factor_5.2/1_clients/16_threads/trial_0/server.log  2> /mydata/USER/cornflakes_tmp/cornflakes-dynamic/bufmode_hybridarenaobject/inlinemode_nothing/maxsgsegs_32/copythreshold_512/value_size_twitter/ignore_sets_False/ignore_pps_True/distribution_exponential/min_num_keys_4000000/speed_factor_5.2/1_clients/16_threads/trial_0/server.err.log  < /dev/null "
 → [INFO]:   Spawned clients, waiting for server ready
  -> [XXX.XXX.XXX.XX]       sudo bash -c "sudo env LD_LIBRARY_PATH=/mydata/USER/cornflakes/dpdk-datapath/3rdparty/dpdk/build/lib/x86_64-linux-gnu /mydata/USER/cornflakes/target/release/twitter_dpdk --config_file /mydata/USER/config/cluster_config.yaml --mode client --server_ip 192.168.1.1 --our_ip 192.168.1.2 --push_buf_type singlebuf --serialization cornflakes1c-dynamic --time 30 --speed_factor 5.2 --trace /mydata/USER/data/twitter/cluster4.0_subset --ignore_pps --distribution exponential --num_threads 16 --num_clients 1 --client_id 0 --threadlog /mydata/USER/cornflakes_tmp/cornflakes-dynamic/bufmode_hybridarenaobject/inlinemode_nothing/maxsgsegs_32/copythreshold_512/value_size_twitter/ignore_sets_False/ignore_pps_True/distribution_exponential/min_num_keys_4000000/speed_factor_5.2/1_clients/16_threads/trial_0/client1.threads.log --debug_level warn --per_size_info --ready_file /mydata/USER/cornflakes_tmp/cornflakes-dynamic/bufmode_hybridarenaobject/inlinemode_nothing/maxsgsegs_32/copythreshold_512/value_size_twitter/ignore_sets_False/ignore_pps_True/distribution_exponential/min_num_keys_4000000/speed_factor_5.2/1_clients/16_threads/trial_0/client1.ready.log > /mydata/USER/cornflakes_tmp/cornflakes-dynamic/bufmode_hybridarenaobject/inlinemode_nothing/maxsgsegs_32/copythreshold_512/value_size_twitter/ignore_sets_False/ignore_pps_True/distribution_exponential/min_num_keys_4000000/speed_factor_5.2/1_clients/16_threads/trial_0/client1.log  2> /mydata/USER/cornflakes_tmp/cornflakes-dynamic/bufmode_hybridarenaobject/inlinemode_nothing/maxsgsegs_32/copythreshold_512/value_size_twitter/ignore_sets_False/ignore_pps_True/distribution_exponential/min_num_keys_4000000/speed_factor_5.2/1_clients/16_threads/trial_0/client1.err.log "
  -> [XXX.XXX.XXX.XX]       bash -c "echo ready > /mydata/USER/cornflakes_tmp/cornflakes-dynamic/bufmode_hybridarenaobject/inlinemode_nothing/maxsgsegs_32/copythreshold_512/value_size_twitter/ignore_sets_False/ignore_pps_True/distribution_exponential/min_num_keys_4000000/speed_factor_5.2/1_clients/16_threads/trial_0/client1.ready.log "
 → [INFO]:   Writing ready for client host client1
 → [DEBUG]:   Finished running start client command
 → [WARN]:   Program start_client on host client1 failed:
        - stdout: Jul 23 18:52:11.989  WARN cornflakes_libos::state_machine::client: Got past ready check
Jul 23 18:52:11.989  WARN cornflakes_libos::state_machine::client: Got past ready check
Jul 23 18:52:11.989  WARN cornflakes_libos::state_machine::client: Got past ready check
Jul 23 18:52:11.989  WARN cornflakes_libos::state_machine::client: Got past ready check
Jul 23 18:52:11.989  WARN cornflakes_libos::state_machine::client: Got past ready check
Jul 23 18:52:11.989  WARN cornflakes_libos::state_machine::client: Got past ready check
Jul 23 18:52:11.989  WARN cornflakes_libos::state_machine::client: Got past ready check
Jul 23 18:52:11.989  WARN cornflakes_libos::state_machine::client: Got past ready check
Jul 23 18:52:11.989  WARN cornflakes_libos::state_machine::client: Got past ready check
Jul 23 18:52:11.989  WARN cornflakes_libos::state_machine::client: Got past ready check
Jul 23 18:52:11.989  WARN cornflakes_libos::state_machine::client: Got past ready check
Jul 23 18:52:11.989  WARN cornflakes_libos::state_machine::client: Got past ready check
Jul 23 18:52:11.989  WARN cornflakes_libos::state_machine::client: Got past ready check
Jul 23 18:52:11.989  WARN cornflakes_libos::state_machine::client: Got past ready check
Jul 23 18:52:11.989  WARN cornflakes_libos::state_machine::client: Got past ready check
Jul 23 18:52:11.989  WARN cornflakes_libos::state_machine::client: Got past ready check
Jul 23 18:52:42.539  WARN cornflakes_libos::loadgen::client_threads: About to print out stats for all threads
port_id: 0, rx_rings; 16, tx_rings: 16
res: 0

        - stderr: EAL: Detected CPU lcores: 32
EAL: Detected NUMA nodes: 1
EAL: Auto-detected process type: PRIMARY
EAL: Detected shared linkage of DPDK
EAL: Multi-process socket /var/run/dpdk/rte/mp_socket
EAL: Selected IOVA mode 'VA'
EAL: VFIO support initialized
EAL: Probe PCI driver: mlx5_pci (15b3:1017) device: 0000:41:00.0 (socket 0)
mlx5_common: DevX read access NIC register=0X9055 failed errno=121 status=0x3 syndrome=0x54e3a9
mlx5_common: DevX create q counter set failed errno=121 status=0x2 syndrome=0x8975f1
TELEMETRY: No legacy callbacks, legacy socket not created
MEMPOOL: Maximum number of mempool ops structs exceeded
MEMPOOL: Maximum number of mempool ops structs exceeded
MEMPOOL: Maximum number of mempool ops structs exceeded
MEMPOOL: Maximum number of mempool ops structs exceeded
MEMPOOL: Maximum number of mempool ops structs exceeded
MEMPOOL: Maximum number of mempool ops structs exceeded
MEMPOOL: Maximum number of mempool ops structs exceeded
MEMPOOL: Maximum number of mempool ops structs exceeded
MEMPOOL: Maximum number of mempool ops structs exceeded
MEMPOOL: Maximum number of mempool ops structs exceeded
MEMPOOL: Maximum number of mempool ops structs exceeded
MEMPOOL: Maximum number of mempool ops structs exceeded
MEMPOOL: Maximum number of mempool ops structs exceeded
MEMPOOL: Maximum number of mempool ops structs exceeded
Port 0 must be configured before MTU set
Dev info MTU:1500

  -> [XXX.XXX.XXX.XX] scp XXX.XXX.XXX.XX:/mydata/USER/cornflakes_tmp/cornflakes-dynamic/bufmode_hybridarenaobject/inlinemode_nothing/maxsgsegs_32/copythreshold_512/value_size_twitter/ignore_sets_False/ignore_pps_True/distribution_exponential/min_num_keys_4000000/speed_factor_5.2/1_clients/16_threads/trial_0/server.log -> localhost:/mydata/USER/expdata/twitter_cfkv/cornflakes-dynamic/bufmode_hybridarenaobject/inlinemode_nothing/maxsgsegs_32/copythreshold_512/value_size_twitter/ignore_sets_False/ignore_pps_True/distribution_exponential/min_num_keys_4000000/speed_factor_5.2/1_clients/16_threads/trial_0/server.log
  -> [XXX.XXX.XXX.XX] scp XXX.XXX.XXX.XX:/mydata/USER/cornflakes_tmp/cornflakes-dynamic/bufmode_hybridarenaobject/inlinemode_nothing/maxsgsegs_32/copythreshold_512/value_size_twitter/ignore_sets_False/ignore_pps_True/distribution_exponential/min_num_keys_4000000/speed_factor_5.2/1_clients/16_threads/trial_0/server.err.log -> localhost:/mydata/USER/expdata/twitter_cfkv/cornflakes-dynamic/bufmode_hybridarenaobject/inlinemode_nothing/maxsgsegs_32/copythreshold_512/value_size_twitter/ignore_sets_False/ignore_pps_True/distribution_exponential/min_num_keys_4000000/speed_factor_5.2/1_clients/16_threads/trial_0/server.err.log
  -> [XXX.XXX.XXX.XX] scp XXX.XXX.XXX.XX:/mydata/USER/cornflakes_tmp/cornflakes-dynamic/bufmode_hybridarenaobject/inlinemode_nothing/maxsgsegs_32/copythreshold_512/value_size_twitter/ignore_sets_False/ignore_pps_True/distribution_exponential/min_num_keys_4000000/speed_factor_5.2/1_clients/16_threads/trial_0/client1.log -> localhost:/mydata/USER/expdata/twitter_cfkv/cornflakes-dynamic/bufmode_hybridarenaobject/inlinemode_nothing/maxsgsegs_32/copythreshold_512/value_size_twitter/ignore_sets_False/ignore_pps_True/distribution_exponential/min_num_keys_4000000/speed_factor_5.2/1_clients/16_threads/trial_0/client1.log
  -> [XXX.XXX.XXX.XX] scp XXX.XXX.XXX.XX:/mydata/USER/cornflakes_tmp/cornflakes-dynamic/bufmode_hybridarenaobject/inlinemode_nothing/maxsgsegs_32/copythreshold_512/value_size_twitter/ignore_sets_False/ignore_pps_True/distribution_exponential/min_num_keys_4000000/speed_factor_5.2/1_clients/16_threads/trial_0/client1.err.log -> localhost:/mydata/USER/expdata/twitter_cfkv/cornflakes-dynamic/bufmode_hybridarenaobject/inlinemode_nothing/maxsgsegs_32/copythreshold_512/value_size_twitter/ignore_sets_False/ignore_pps_True/distribution_exponential/min_num_keys_4000000/speed_factor_5.2/1_clients/16_threads/trial_0/client1.err.log
  -> [XXX.XXX.XXX.XX] scp XXX.XXX.XXX.XX:/mydata/USER/cornflakes_tmp/cornflakes-dynamic/bufmode_hybridarenaobject/inlinemode_nothing/maxsgsegs_32/copythreshold_512/value_size_twitter/ignore_sets_False/ignore_pps_True/distribution_exponential/min_num_keys_4000000/speed_factor_5.2/1_clients/16_threads/trial_0/client1.threads.log -> localhost:/mydata/USER/expdata/twitter_cfkv/cornflakes-dynamic/bufmode_hybridarenaobject/inlinemode_nothing/maxsgsegs_32/copythreshold_512/value_size_twitter/ignore_sets_False/ignore_pps_True/distribution_exponential/min_num_keys_4000000/speed_factor_5.2/1_clients/16_threads/trial_0/client1.threads.log
